<?xml version="1.0" encoding="UTF-8"?>
<testng-results ignored="8" total="16" passed="8" failed="0" skipped="0">
  <reporter-output>
  </reporter-output>
  <suite started-at="2022-05-22T15:21:14 IST" name="Suite" finished-at="2022-05-22T15:22:03 IST" duration-ms="49045">
    <groups>
      <group name="Sanity">
        <method signature="IndexPageTest.verifyLogo()[pri:0, instance:com.mystroe.testScripts.IndexPageTest@70cf32e3]" name="verifyLogo" class="com.mystroe.testScripts.IndexPageTest"/>
        <method signature="IndexPageTest.verifyTitle()[pri:0, instance:com.mystroe.testScripts.IndexPageTest@70cf32e3]" name="verifyTitle" class="com.mystroe.testScripts.IndexPageTest"/>
        <method signature="LoginPageTest.loginTest(java.lang.String,java.lang.String)[pri:0, instance:com.mystroe.testScripts.LoginPageTest@5a59ca5e]" name="loginTest" class="com.mystroe.testScripts.LoginPageTest"/>
        <method signature="IndexPageTest.verifyLogo()[pri:0, instance:com.mystroe.testScripts.IndexPageTest@6a8658ff]" name="verifyLogo" class="com.mystroe.testScripts.IndexPageTest"/>
        <method signature="IndexPageTest.verifyTitle()[pri:0, instance:com.mystroe.testScripts.IndexPageTest@6a8658ff]" name="verifyTitle" class="com.mystroe.testScripts.IndexPageTest"/>
        <method signature="LoginPageTest.loginTest(java.lang.String,java.lang.String)[pri:0, instance:com.mystroe.testScripts.LoginPageTest@55de24cc]" name="loginTest" class="com.mystroe.testScripts.LoginPageTest"/>
      </group> <!-- Sanity -->
      <group name="Regression">
        <method signature="IndexPageTest.verifyLogo()[pri:0, instance:com.mystroe.testScripts.IndexPageTest@70cf32e3]" name="verifyLogo" class="com.mystroe.testScripts.IndexPageTest"/>
        <method signature="IndexPageTest.verifyTitle()[pri:0, instance:com.mystroe.testScripts.IndexPageTest@70cf32e3]" name="verifyTitle" class="com.mystroe.testScripts.IndexPageTest"/>
        <method signature="LoginPageTest.loginTest(java.lang.String,java.lang.String)[pri:0, instance:com.mystroe.testScripts.LoginPageTest@5a59ca5e]" name="loginTest" class="com.mystroe.testScripts.LoginPageTest"/>
        <method signature="SearchResultPageTest.productAvailabilityTest()[pri:0, instance:com.mystroe.testScripts.SearchResultPageTest@52f27fbd]" name="productAvailabilityTest" class="com.mystroe.testScripts.SearchResultPageTest"/>
        <method signature="IndexPageTest.verifyLogo()[pri:0, instance:com.mystroe.testScripts.IndexPageTest@6a8658ff]" name="verifyLogo" class="com.mystroe.testScripts.IndexPageTest"/>
        <method signature="IndexPageTest.verifyTitle()[pri:0, instance:com.mystroe.testScripts.IndexPageTest@6a8658ff]" name="verifyTitle" class="com.mystroe.testScripts.IndexPageTest"/>
        <method signature="LoginPageTest.loginTest(java.lang.String,java.lang.String)[pri:0, instance:com.mystroe.testScripts.LoginPageTest@55de24cc]" name="loginTest" class="com.mystroe.testScripts.LoginPageTest"/>
        <method signature="SearchResultPageTest.productAvailabilityTest()[pri:0, instance:com.mystroe.testScripts.SearchResultPageTest@3feb2dda]" name="productAvailabilityTest" class="com.mystroe.testScripts.SearchResultPageTest"/>
      </group> <!-- Regression -->
      <group name="Smoke">
        <method signature="IndexPageTest.verifyLogo()[pri:0, instance:com.mystroe.testScripts.IndexPageTest@70cf32e3]" name="verifyLogo" class="com.mystroe.testScripts.IndexPageTest"/>
        <method signature="IndexPageTest.verifyTitle()[pri:0, instance:com.mystroe.testScripts.IndexPageTest@70cf32e3]" name="verifyTitle" class="com.mystroe.testScripts.IndexPageTest"/>
        <method signature="LoginPageTest.loginTest(java.lang.String,java.lang.String)[pri:0, instance:com.mystroe.testScripts.LoginPageTest@5a59ca5e]" name="loginTest" class="com.mystroe.testScripts.LoginPageTest"/>
        <method signature="SearchResultPageTest.productAvailabilityTest()[pri:0, instance:com.mystroe.testScripts.SearchResultPageTest@52f27fbd]" name="productAvailabilityTest" class="com.mystroe.testScripts.SearchResultPageTest"/>
        <method signature="IndexPageTest.verifyLogo()[pri:0, instance:com.mystroe.testScripts.IndexPageTest@6a8658ff]" name="verifyLogo" class="com.mystroe.testScripts.IndexPageTest"/>
        <method signature="IndexPageTest.verifyTitle()[pri:0, instance:com.mystroe.testScripts.IndexPageTest@6a8658ff]" name="verifyTitle" class="com.mystroe.testScripts.IndexPageTest"/>
        <method signature="LoginPageTest.loginTest(java.lang.String,java.lang.String)[pri:0, instance:com.mystroe.testScripts.LoginPageTest@55de24cc]" name="loginTest" class="com.mystroe.testScripts.LoginPageTest"/>
        <method signature="SearchResultPageTest.productAvailabilityTest()[pri:0, instance:com.mystroe.testScripts.SearchResultPageTest@3feb2dda]" name="productAvailabilityTest" class="com.mystroe.testScripts.SearchResultPageTest"/>
      </group> <!-- Smoke -->
    </groups>
    <test started-at="2022-05-22T15:21:14 IST" name="ChromeTest" finished-at="2022-05-22T15:22:00 IST" duration-ms="46001">
      <class name="com.mystroe.testScripts.IndexPageTest">
        <test-method is-config="true" signature="setup(java.lang.String)[pri:0, instance:com.mystroe.testScripts.IndexPageTest@70cf32e3]" started-at="2022-05-22T15:21:28 IST" name="setup" finished-at="2022-05-22T15:21:35 IST" duration-ms="7851" status="PASS">
          <params>
            <param index="0">
              <value>
                <![CDATA[Chrome]]>
              </value>
            </param>
          </params>
          <reporter-output>
          </reporter-output>
        </test-method> <!-- setup -->
        <test-method signature="verifyLogo()[pri:0, instance:com.mystroe.testScripts.IndexPageTest@70cf32e3]" started-at="2022-05-22T15:21:35 IST" name="verifyLogo" finished-at="2022-05-22T15:21:35 IST" duration-ms="59" status="PASS">
          <reporter-output>
          </reporter-output>
        </test-method> <!-- verifyLogo -->
        <test-method is-config="true" signature="tearDown()[pri:0, instance:com.mystroe.testScripts.IndexPageTest@70cf32e3]" started-at="2022-05-22T15:21:35 IST" name="tearDown" finished-at="2022-05-22T15:21:36 IST" duration-ms="199" status="PASS">
          <reporter-output>
          </reporter-output>
        </test-method> <!-- tearDown -->
        <test-method is-config="true" signature="setup(java.lang.String)[pri:0, instance:com.mystroe.testScripts.IndexPageTest@70cf32e3]" started-at="2022-05-22T15:21:36 IST" name="setup" finished-at="2022-05-22T15:21:43 IST" duration-ms="7589" status="PASS">
          <params>
            <param index="0">
              <value>
                <![CDATA[Chrome]]>
              </value>
            </param>
          </params>
          <reporter-output>
          </reporter-output>
        </test-method> <!-- setup -->
        <test-method signature="verifyTitle()[pri:0, instance:com.mystroe.testScripts.IndexPageTest@70cf32e3]" started-at="2022-05-22T15:21:43 IST" name="verifyTitle" finished-at="2022-05-22T15:21:43 IST" duration-ms="9" status="PASS">
          <reporter-output>
          </reporter-output>
        </test-method> <!-- verifyTitle -->
        <test-method is-config="true" signature="tearDown()[pri:0, instance:com.mystroe.testScripts.IndexPageTest@70cf32e3]" started-at="2022-05-22T15:21:43 IST" name="tearDown" finished-at="2022-05-22T15:21:44 IST" duration-ms="293" status="PASS">
          <reporter-output>
          </reporter-output>
        </test-method> <!-- tearDown -->
      </class> <!-- com.mystroe.testScripts.IndexPageTest -->
      <class name="com.mystroe.testScripts.LoginPageTest">
        <test-method is-config="true" signature="setup(java.lang.String)[pri:0, instance:com.mystroe.testScripts.LoginPageTest@5a59ca5e]" started-at="2022-05-22T15:21:45 IST" name="setup" finished-at="2022-05-22T15:21:52 IST" duration-ms="7286" status="PASS">
          <params>
            <param index="0">
              <value>
                <![CDATA[Chrome]]>
              </value>
            </param>
          </params>
          <reporter-output>
          </reporter-output>
        </test-method> <!-- setup -->
        <test-method signature="loginTest(java.lang.String,java.lang.String)[pri:0, instance:com.mystroe.testScripts.LoginPageTest@5a59ca5e]" started-at="2022-05-22T15:21:52 IST" name="loginTest" data-provider="Credentials" finished-at="2022-05-22T15:21:59 IST" duration-ms="6695" status="PASS">
          <params>
            <param index="0">
              <value>
                <![CDATA[harshitbhadani62@gmail.com]]>
              </value>
            </param>
            <param index="1">
              <value>
                <![CDATA[TestUser2607]]>
              </value>
            </param>
          </params>
          <reporter-output>
          </reporter-output>
        </test-method> <!-- loginTest -->
        <test-method is-config="true" signature="tearDown()[pri:0, instance:com.mystroe.testScripts.LoginPageTest@5a59ca5e]" started-at="2022-05-22T15:21:59 IST" name="tearDown" finished-at="2022-05-22T15:22:00 IST" duration-ms="1132" status="PASS">
          <reporter-output>
          </reporter-output>
        </test-method> <!-- tearDown -->
      </class> <!-- com.mystroe.testScripts.LoginPageTest -->
      <class name="com.mystroe.testScripts.SearchResultPageTest">
        <test-method is-config="true" signature="setup(java.lang.String)[pri:0, instance:com.mystroe.testScripts.SearchResultPageTest@52f27fbd]" started-at="2022-05-22T15:21:14 IST" name="setup" finished-at="2022-05-22T15:21:24 IST" duration-ms="10515" status="PASS">
          <params>
            <param index="0">
              <value>
                <![CDATA[Chrome]]>
              </value>
            </param>
          </params>
          <reporter-output>
          </reporter-output>
        </test-method> <!-- setup -->
        <test-method signature="productAvailabilityTest()[pri:0, instance:com.mystroe.testScripts.SearchResultPageTest@52f27fbd]" started-at="2022-05-22T15:21:24 IST" name="productAvailabilityTest" finished-at="2022-05-22T15:21:27 IST" duration-ms="2905" status="PASS">
          <reporter-output>
          </reporter-output>
        </test-method> <!-- productAvailabilityTest -->
        <test-method is-config="true" signature="tearDown()[pri:0, instance:com.mystroe.testScripts.SearchResultPageTest@52f27fbd]" started-at="2022-05-22T15:21:27 IST" name="tearDown" finished-at="2022-05-22T15:21:28 IST" duration-ms="210" status="PASS">
          <reporter-output>
          </reporter-output>
        </test-method> <!-- tearDown -->
      </class> <!-- com.mystroe.testScripts.SearchResultPageTest -->
    </test> <!-- ChromeTest -->
    <test started-at="2022-05-22T15:21:14 IST" name="IETest" finished-at="2022-05-22T15:22:03 IST" duration-ms="49044">
      <class name="com.mystroe.testScripts.IndexPageTest">
        <test-method is-config="true" signature="setup(java.lang.String)[pri:0, instance:com.mystroe.testScripts.IndexPageTest@6a8658ff]" started-at="2022-05-22T15:21:30 IST" name="setup" finished-at="2022-05-22T15:21:38 IST" duration-ms="7890" status="PASS">
          <params>
            <param index="0">
              <value>
                <![CDATA[ie]]>
              </value>
            </param>
          </params>
          <reporter-output>
          </reporter-output>
        </test-method> <!-- setup -->
        <test-method signature="verifyLogo()[pri:0, instance:com.mystroe.testScripts.IndexPageTest@6a8658ff]" started-at="2022-05-22T15:21:38 IST" name="verifyLogo" finished-at="2022-05-22T15:21:38 IST" duration-ms="93" status="PASS">
          <reporter-output>
          </reporter-output>
        </test-method> <!-- verifyLogo -->
        <test-method is-config="true" signature="tearDown()[pri:0, instance:com.mystroe.testScripts.IndexPageTest@6a8658ff]" started-at="2022-05-22T15:21:38 IST" name="tearDown" finished-at="2022-05-22T15:21:39 IST" duration-ms="501" status="PASS">
          <reporter-output>
          </reporter-output>
        </test-method> <!-- tearDown -->
        <test-method is-config="true" signature="setup(java.lang.String)[pri:0, instance:com.mystroe.testScripts.IndexPageTest@6a8658ff]" started-at="2022-05-22T15:21:39 IST" name="setup" finished-at="2022-05-22T15:21:46 IST" duration-ms="7685" status="PASS">
          <params>
            <param index="0">
              <value>
                <![CDATA[ie]]>
              </value>
            </param>
          </params>
          <reporter-output>
          </reporter-output>
        </test-method> <!-- setup -->
        <test-method signature="verifyTitle()[pri:0, instance:com.mystroe.testScripts.IndexPageTest@6a8658ff]" started-at="2022-05-22T15:21:46 IST" name="verifyTitle" finished-at="2022-05-22T15:21:46 IST" duration-ms="9" status="PASS">
          <reporter-output>
          </reporter-output>
        </test-method> <!-- verifyTitle -->
        <test-method is-config="true" signature="tearDown()[pri:0, instance:com.mystroe.testScripts.IndexPageTest@6a8658ff]" started-at="2022-05-22T15:21:46 IST" name="tearDown" finished-at="2022-05-22T15:21:47 IST" duration-ms="489" status="PASS">
          <reporter-output>
          </reporter-output>
        </test-method> <!-- tearDown -->
      </class> <!-- com.mystroe.testScripts.IndexPageTest -->
      <class name="com.mystroe.testScripts.LoginPageTest">
        <test-method is-config="true" signature="setup(java.lang.String)[pri:0, instance:com.mystroe.testScripts.LoginPageTest@55de24cc]" started-at="2022-05-22T15:21:47 IST" name="setup" finished-at="2022-05-22T15:21:55 IST" duration-ms="8071" status="PASS">
          <params>
            <param index="0">
              <value>
                <![CDATA[ie]]>
              </value>
            </param>
          </params>
          <reporter-output>
          </reporter-output>
        </test-method> <!-- setup -->
        <test-method signature="loginTest(java.lang.String,java.lang.String)[pri:0, instance:com.mystroe.testScripts.LoginPageTest@55de24cc]" started-at="2022-05-22T15:21:55 IST" name="loginTest" data-provider="Credentials" finished-at="2022-05-22T15:22:03 IST" duration-ms="7766" status="PASS">
          <params>
            <param index="0">
              <value>
                <![CDATA[harshitbhadani62@gmail.com]]>
              </value>
            </param>
            <param index="1">
              <value>
                <![CDATA[TestUser2607]]>
              </value>
            </param>
          </params>
          <reporter-output>
          </reporter-output>
        </test-method> <!-- loginTest -->
        <test-method is-config="true" signature="tearDown()[pri:0, instance:com.mystroe.testScripts.LoginPageTest@55de24cc]" started-at="2022-05-22T15:22:03 IST" name="tearDown" finished-at="2022-05-22T15:22:03 IST" duration-ms="251" status="PASS">
          <reporter-output>
          </reporter-output>
        </test-method> <!-- tearDown -->
      </class> <!-- com.mystroe.testScripts.LoginPageTest -->
      <class name="com.mystroe.testScripts.SearchResultPageTest">
        <test-method is-config="true" signature="beforeSuite()[pri:0, instance:com.mystroe.testScripts.SearchResultPageTest@3feb2dda]" started-at="2022-05-22T15:21:13 IST" name="beforeSuite" finished-at="2022-05-22T15:21:14 IST" duration-ms="430" status="PASS">
          <reporter-output>
          </reporter-output>
        </test-method> <!-- beforeSuite -->
        <test-method is-config="true" signature="setup(java.lang.String)[pri:0, instance:com.mystroe.testScripts.SearchResultPageTest@3feb2dda]" started-at="2022-05-22T15:21:14 IST" name="setup" finished-at="2022-05-22T15:21:27 IST" duration-ms="12829" status="PASS">
          <params>
            <param index="0">
              <value>
                <![CDATA[ie]]>
              </value>
            </param>
          </params>
          <reporter-output>
          </reporter-output>
        </test-method> <!-- setup -->
        <test-method signature="productAvailabilityTest()[pri:0, instance:com.mystroe.testScripts.SearchResultPageTest@3feb2dda]" started-at="2022-05-22T15:21:27 IST" name="productAvailabilityTest" finished-at="2022-05-22T15:21:29 IST" duration-ms="2513" status="PASS">
          <reporter-output>
          </reporter-output>
        </test-method> <!-- productAvailabilityTest -->
        <test-method is-config="true" signature="tearDown()[pri:0, instance:com.mystroe.testScripts.SearchResultPageTest@3feb2dda]" started-at="2022-05-22T15:21:29 IST" name="tearDown" finished-at="2022-05-22T15:21:30 IST" duration-ms="758" status="PASS">
          <reporter-output>
          </reporter-output>
        </test-method> <!-- tearDown -->
        <test-method is-config="true" signature="afterSuite()[pri:0, instance:com.mystroe.testScripts.SearchResultPageTest@3feb2dda]" started-at="2022-05-22T15:22:03 IST" name="afterSuite" finished-at="2022-05-22T15:22:03 IST" duration-ms="356" status="PASS">
          <reporter-output>
          </reporter-output>
        </test-method> <!-- afterSuite -->
      </class> <!-- com.mystroe.testScripts.SearchResultPageTest -->
    </test> <!-- IETest -->
  </suite> <!-- Suite -->
</testng-results>
