<?xml version="1.0" encoding="UTF-8"?>
<testng-results ignored="14" total="23" passed="8" failed="1" skipped="0">
  <reporter-output>
  </reporter-output>
  <suite started-at="2022-05-22T09:11:39 IST" name="Suite" finished-at="2022-05-22T09:14:08 IST" duration-ms="148692">
    <groups>
      <group name="Sanity">
        <method signature="HomePageTest.orderHistoryandDetailsTest()[pri:0, instance:com.mystroe.testScripts.HomePageTest@65f8f5ae]" name="orderHistoryandDetailsTest" class="com.mystroe.testScripts.HomePageTest"/>
        <method signature="IndexPageTest.verifyLogo()[pri:0, instance:com.mystroe.testScripts.IndexPageTest@38467116]" name="verifyLogo" class="com.mystroe.testScripts.IndexPageTest"/>
        <method signature="IndexPageTest.verifyTitle()[pri:0, instance:com.mystroe.testScripts.IndexPageTest@38467116]" name="verifyTitle" class="com.mystroe.testScripts.IndexPageTest"/>
        <method signature="LoginPageTest.loginTest(java.lang.String,java.lang.String)[pri:0, instance:com.mystroe.testScripts.LoginPageTest@5b7a7f33]" name="loginTest" class="com.mystroe.testScripts.LoginPageTest"/>
        <method signature="OrderPageTest.verifyTotalPrice()[pri:0, instance:com.mystroe.testScripts.OrderPageTest@790da477]" name="verifyTotalPrice" class="com.mystroe.testScripts.OrderPageTest"/>
      </group> <!-- Sanity -->
      <group name="Regression">
        <method signature="AccountCreationPageTest.verifyCreateAccountPageTest(java.lang.String)[pri:0, instance:com.mystroe.testScripts.AccountCreationPageTest@5fb759d6]" name="verifyCreateAccountPageTest" class="com.mystroe.testScripts.AccountCreationPageTest"/>
        <method signature="AddToCartPageTest.addToCartTest()[pri:0, instance:com.mystroe.testScripts.AddToCartPageTest@431cd9b2]" name="addToCartTest" class="com.mystroe.testScripts.AddToCartPageTest"/>
        <method signature="EndToEndTest.endToEndTest()[pri:0, instance:com.mystroe.testScripts.EndToEndTest@4b8d604b]" name="endToEndTest" class="com.mystroe.testScripts.EndToEndTest"/>
        <method signature="HomePageTest.orderHistoryandDetailsTest()[pri:0, instance:com.mystroe.testScripts.HomePageTest@65f8f5ae]" name="orderHistoryandDetailsTest" class="com.mystroe.testScripts.HomePageTest"/>
        <method signature="IndexPageTest.verifyLogo()[pri:0, instance:com.mystroe.testScripts.IndexPageTest@38467116]" name="verifyLogo" class="com.mystroe.testScripts.IndexPageTest"/>
        <method signature="IndexPageTest.verifyTitle()[pri:0, instance:com.mystroe.testScripts.IndexPageTest@38467116]" name="verifyTitle" class="com.mystroe.testScripts.IndexPageTest"/>
        <method signature="LoginPageTest.loginTest(java.lang.String,java.lang.String)[pri:0, instance:com.mystroe.testScripts.LoginPageTest@5b7a7f33]" name="loginTest" class="com.mystroe.testScripts.LoginPageTest"/>
        <method signature="OrderPageTest.verifyTotalPrice()[pri:0, instance:com.mystroe.testScripts.OrderPageTest@790da477]" name="verifyTotalPrice" class="com.mystroe.testScripts.OrderPageTest"/>
        <method signature="SearchResultPageTest.productAvailabilityTest()[pri:0, instance:com.mystroe.testScripts.SearchResultPageTest@4722ef0c]" name="productAvailabilityTest" class="com.mystroe.testScripts.SearchResultPageTest"/>
      </group> <!-- Regression -->
      <group name="Smoke">
        <method signature="IndexPageTest.verifyLogo()[pri:0, instance:com.mystroe.testScripts.IndexPageTest@38467116]" name="verifyLogo" class="com.mystroe.testScripts.IndexPageTest"/>
        <method signature="IndexPageTest.verifyTitle()[pri:0, instance:com.mystroe.testScripts.IndexPageTest@38467116]" name="verifyTitle" class="com.mystroe.testScripts.IndexPageTest"/>
        <method signature="LoginPageTest.loginTest(java.lang.String,java.lang.String)[pri:0, instance:com.mystroe.testScripts.LoginPageTest@5b7a7f33]" name="loginTest" class="com.mystroe.testScripts.LoginPageTest"/>
        <method signature="OrderPageTest.verifyTotalPrice()[pri:0, instance:com.mystroe.testScripts.OrderPageTest@790da477]" name="verifyTotalPrice" class="com.mystroe.testScripts.OrderPageTest"/>
        <method signature="SearchResultPageTest.productAvailabilityTest()[pri:0, instance:com.mystroe.testScripts.SearchResultPageTest@4722ef0c]" name="productAvailabilityTest" class="com.mystroe.testScripts.SearchResultPageTest"/>
      </group> <!-- Smoke -->
    </groups>
    <test started-at="2022-05-22T09:11:39 IST" name="Regression" finished-at="2022-05-22T09:14:08 IST" duration-ms="148692">
      <class name="com.mystroe.testScripts.OrderPageTest">
        <test-method is-config="true" signature="setup(java.lang.String)[pri:0, instance:com.mystroe.testScripts.OrderPageTest@790da477]" started-at="2022-05-22T09:11:58 IST" name="setup" finished-at="2022-05-22T09:12:07 IST" duration-ms="9559" status="PASS">
          <params>
            <param index="0">
              <value>
                <![CDATA[ie]]>
              </value>
            </param>
          </params>
          <reporter-output>
          </reporter-output>
        </test-method> <!-- setup -->
        <test-method signature="verifyTotalPrice()[pri:0, instance:com.mystroe.testScripts.OrderPageTest@790da477]" started-at="2022-05-22T09:12:07 IST" name="verifyTotalPrice" finished-at="2022-05-22T09:12:43 IST" duration-ms="35508" status="PASS">
          <reporter-output>
          </reporter-output>
        </test-method> <!-- verifyTotalPrice -->
        <test-method is-config="true" signature="tearDown()[pri:0, instance:com.mystroe.testScripts.OrderPageTest@790da477]" started-at="2022-05-22T09:12:43 IST" name="tearDown" finished-at="2022-05-22T09:12:43 IST" duration-ms="466" status="PASS">
          <reporter-output>
          </reporter-output>
        </test-method> <!-- tearDown -->
      </class> <!-- com.mystroe.testScripts.OrderPageTest -->
      <class name="com.mystroe.testScripts.IndexPageTest">
        <test-method is-config="true" signature="setup(java.lang.String)[pri:0, instance:com.mystroe.testScripts.IndexPageTest@38467116]" started-at="2022-05-22T09:11:39 IST" name="setup" finished-at="2022-05-22T09:11:51 IST" duration-ms="11433" status="PASS">
          <params>
            <param index="0">
              <value>
                <![CDATA[ie]]>
              </value>
            </param>
          </params>
          <reporter-output>
          </reporter-output>
        </test-method> <!-- setup -->
        <test-method is-config="true" signature="setup(java.lang.String)[pri:0, instance:com.mystroe.testScripts.IndexPageTest@38467116]" started-at="2022-05-22T09:11:39 IST" name="setup" finished-at="2022-05-22T09:11:50 IST" duration-ms="10717" status="PASS">
          <params>
            <param index="0">
              <value>
                <![CDATA[ie]]>
              </value>
            </param>
          </params>
          <reporter-output>
          </reporter-output>
        </test-method> <!-- setup -->
        <test-method signature="verifyTitle()[pri:0, instance:com.mystroe.testScripts.IndexPageTest@38467116]" started-at="2022-05-22T09:11:50 IST" name="verifyTitle" finished-at="2022-05-22T09:11:50 IST" duration-ms="1" status="FAIL">
          <exception class="java.lang.NullPointerException">
            <message>
              <![CDATA[Cannot invoke "com.mystroe.pageObjects.IndexPage.getMyStroeTitle()" because "this.indexPage" is null]]>
            </message>
            <full-stacktrace>
              <![CDATA[java.lang.NullPointerException: Cannot invoke "com.mystroe.pageObjects.IndexPage.getMyStroeTitle()" because "this.indexPage" is null
at com.mystroe.testScripts.IndexPageTest.verifyTitle(IndexPageTest.java:34)
at java.base/jdk.internal.reflect.NativeMethodAccessorImpl.invoke0(Native Method)
at java.base/jdk.internal.reflect.NativeMethodAccessorImpl.invoke(NativeMethodAccessorImpl.java:78)
at java.base/jdk.internal.reflect.DelegatingMethodAccessorImpl.invoke(DelegatingMethodAccessorImpl.java:43)
at java.base/java.lang.reflect.Method.invoke(Method.java:567)
at org.testng.internal.MethodInvocationHelper.invokeMethod(MethodInvocationHelper.java:133)
at org.testng.internal.TestInvoker.invokeMethod(TestInvoker.java:598)
at org.testng.internal.TestInvoker.invokeTestMethod(TestInvoker.java:173)
at org.testng.internal.MethodRunner.runInSequence(MethodRunner.java:46)
at org.testng.internal.TestInvoker$MethodInvocationAgent.invoke(TestInvoker.java:824)
at org.testng.internal.TestInvoker.invokeTestMethods(TestInvoker.java:146)
at org.testng.internal.TestMethodWorker.invokeTestMethods(TestMethodWorker.java:146)
at org.testng.internal.TestMethodWorker.run(TestMethodWorker.java:128)
at java.base/java.util.concurrent.ThreadPoolExecutor.runWorker(ThreadPoolExecutor.java:1130)
at java.base/java.util.concurrent.ThreadPoolExecutor$Worker.run(ThreadPoolExecutor.java:630)
at java.base/java.lang.Thread.run(Thread.java:831)
]]>
            </full-stacktrace>
          </exception> <!-- java.lang.NullPointerException -->
          <reporter-output>
          </reporter-output>
        </test-method> <!-- verifyTitle -->
        <test-method signature="verifyLogo()[pri:0, instance:com.mystroe.testScripts.IndexPageTest@38467116]" started-at="2022-05-22T09:11:51 IST" name="verifyLogo" finished-at="2022-05-22T09:11:51 IST" duration-ms="201" status="PASS">
          <reporter-output>
          </reporter-output>
        </test-method> <!-- verifyLogo -->
        <test-method is-config="true" signature="tearDown()[pri:0, instance:com.mystroe.testScripts.IndexPageTest@38467116]" started-at="2022-05-22T09:11:55 IST" name="tearDown" finished-at="2022-05-22T09:11:56 IST" duration-ms="1177" status="PASS">
          <reporter-output>
          </reporter-output>
        </test-method> <!-- tearDown -->
        <test-method is-config="true" signature="tearDown()[pri:0, instance:com.mystroe.testScripts.IndexPageTest@38467116]" started-at="2022-05-22T09:11:55 IST" name="tearDown" finished-at="2022-05-22T09:11:58 IST" duration-ms="2102" status="PASS">
          <reporter-output>
          </reporter-output>
        </test-method> <!-- tearDown -->
      </class> <!-- com.mystroe.testScripts.IndexPageTest -->
      <class name="com.mystroe.testScripts.LoginPageTest">
        <test-method is-config="true" signature="setup(java.lang.String)[pri:0, instance:com.mystroe.testScripts.LoginPageTest@5b7a7f33]" started-at="2022-05-22T09:11:58 IST" name="setup" finished-at="2022-05-22T09:12:08 IST" duration-ms="10608" status="PASS">
          <params>
            <param index="0">
              <value>
                <![CDATA[ie]]>
              </value>
            </param>
          </params>
          <reporter-output>
          </reporter-output>
        </test-method> <!-- setup -->
        <test-method signature="loginTest(java.lang.String,java.lang.String)[pri:0, instance:com.mystroe.testScripts.LoginPageTest@5b7a7f33]" started-at="2022-05-22T09:12:08 IST" name="loginTest" data-provider="Credentials" finished-at="2022-05-22T09:12:28 IST" duration-ms="19878" status="PASS">
          <params>
            <param index="0">
              <value>
                <![CDATA[harshitbhadani62@gmail.com]]>
              </value>
            </param>
            <param index="1">
              <value>
                <![CDATA[TestUser2607]]>
              </value>
            </param>
          </params>
          <reporter-output>
          </reporter-output>
        </test-method> <!-- loginTest -->
        <test-method is-config="true" signature="tearDown()[pri:0, instance:com.mystroe.testScripts.LoginPageTest@5b7a7f33]" started-at="2022-05-22T09:12:29 IST" name="tearDown" finished-at="2022-05-22T09:12:31 IST" duration-ms="2388" status="PASS">
          <reporter-output>
          </reporter-output>
        </test-method> <!-- tearDown -->
      </class> <!-- com.mystroe.testScripts.LoginPageTest -->
      <class name="com.mystroe.testScripts.HomePageTest">
        <test-method is-config="true" signature="setup(java.lang.String)[pri:0, instance:com.mystroe.testScripts.HomePageTest@65f8f5ae]" started-at="2022-05-22T09:11:39 IST" name="setup" finished-at="2022-05-22T09:11:48 IST" duration-ms="8557" status="PASS">
          <params>
            <param index="0">
              <value>
                <![CDATA[ie]]>
              </value>
            </param>
          </params>
          <reporter-output>
          </reporter-output>
        </test-method> <!-- setup -->
        <test-method signature="orderHistoryandDetailsTest()[pri:0, instance:com.mystroe.testScripts.HomePageTest@65f8f5ae]" started-at="2022-05-22T09:11:48 IST" name="orderHistoryandDetailsTest" finished-at="2022-05-22T09:11:58 IST" duration-ms="10380" status="PASS">
          <reporter-output>
          </reporter-output>
        </test-method> <!-- orderHistoryandDetailsTest -->
        <test-method is-config="true" signature="tearDown()[pri:0, instance:com.mystroe.testScripts.HomePageTest@65f8f5ae]" started-at="2022-05-22T09:12:06 IST" name="tearDown" finished-at="2022-05-22T09:12:08 IST" duration-ms="1954" status="PASS">
          <reporter-output>
          </reporter-output>
        </test-method> <!-- tearDown -->
      </class> <!-- com.mystroe.testScripts.HomePageTest -->
      <class name="com.mystroe.testScripts.AddToCartPageTest">
        <test-method is-config="true" signature="setup(java.lang.String)[pri:0, instance:com.mystroe.testScripts.AddToCartPageTest@431cd9b2]" started-at="2022-05-22T09:11:39 IST" name="setup" finished-at="2022-05-22T09:11:51 IST" duration-ms="12031" status="PASS">
          <params>
            <param index="0">
              <value>
                <![CDATA[ie]]>
              </value>
            </param>
          </params>
          <reporter-output>
          </reporter-output>
        </test-method> <!-- setup -->
        <test-method signature="addToCartTest()[pri:0, instance:com.mystroe.testScripts.AddToCartPageTest@431cd9b2]" started-at="2022-05-22T09:11:51 IST" name="addToCartTest" finished-at="2022-05-22T09:12:05 IST" duration-ms="13938" status="PASS">
          <reporter-output>
          </reporter-output>
        </test-method> <!-- addToCartTest -->
        <test-method is-config="true" signature="tearDown()[pri:0, instance:com.mystroe.testScripts.AddToCartPageTest@431cd9b2]" started-at="2022-05-22T09:12:16 IST" name="tearDown" finished-at="2022-05-22T09:12:18 IST" duration-ms="2012" status="PASS">
          <reporter-output>
          </reporter-output>
        </test-method> <!-- tearDown -->
      </class> <!-- com.mystroe.testScripts.AddToCartPageTest -->
      <class name="com.mystroe.testScripts.SearchResultPageTest">
        <test-method is-config="true" signature="beforeSuite()[pri:0, instance:com.mystroe.testScripts.SearchResultPageTest@4722ef0c]" started-at="2022-05-22T09:11:39 IST" name="beforeSuite" finished-at="2022-05-22T09:11:39 IST" duration-ms="348" status="PASS">
          <reporter-output>
          </reporter-output>
        </test-method> <!-- beforeSuite -->
        <test-method is-config="true" signature="setup(java.lang.String)[pri:0, instance:com.mystroe.testScripts.SearchResultPageTest@4722ef0c]" started-at="2022-05-22T09:11:39 IST" name="setup" finished-at="2022-05-22T09:11:51 IST" duration-ms="12167" status="PASS">
          <params>
            <param index="0">
              <value>
                <![CDATA[ie]]>
              </value>
            </param>
          </params>
          <reporter-output>
          </reporter-output>
        </test-method> <!-- setup -->
        <test-method signature="productAvailabilityTest()[pri:0, instance:com.mystroe.testScripts.SearchResultPageTest@4722ef0c]" started-at="2022-05-22T09:11:51 IST" name="productAvailabilityTest" finished-at="2022-05-22T09:11:55 IST" duration-ms="4104" status="PASS">
          <reporter-output>
          </reporter-output>
        </test-method> <!-- productAvailabilityTest -->
        <test-method is-config="true" signature="tearDown()[pri:0, instance:com.mystroe.testScripts.SearchResultPageTest@4722ef0c]" started-at="2022-05-22T09:12:05 IST" name="tearDown" finished-at="2022-05-22T09:12:09 IST" duration-ms="3752" status="PASS">
          <reporter-output>
          </reporter-output>
        </test-method> <!-- tearDown -->
        <test-method is-config="true" signature="afterSuite()[pri:0, instance:com.mystroe.testScripts.SearchResultPageTest@4722ef0c]" started-at="2022-05-22T09:14:08 IST" name="afterSuite" finished-at="2022-05-22T09:14:08 IST" duration-ms="429" status="PASS">
          <reporter-output>
          </reporter-output>
        </test-method> <!-- afterSuite -->
      </class> <!-- com.mystroe.testScripts.SearchResultPageTest -->
      <class name="com.mystroe.testScripts.AccountCreationPageTest">
        <test-method is-config="true" signature="setup(java.lang.String)[pri:0, instance:com.mystroe.testScripts.AccountCreationPageTest@5fb759d6]" started-at="2022-05-22T09:12:08 IST" name="setup" finished-at="2022-05-22T09:12:18 IST" duration-ms="10188" status="PASS">
          <params>
            <param index="0">
              <value>
                <![CDATA[ie]]>
              </value>
            </param>
          </params>
          <reporter-output>
          </reporter-output>
        </test-method> <!-- setup -->
        <test-method signature="verifyCreateAccountPageTest(java.lang.String)[pri:0, instance:com.mystroe.testScripts.AccountCreationPageTest@5fb759d6]" started-at="2022-05-22T09:12:18 IST" name="verifyCreateAccountPageTest" data-provider="email" finished-at="2022-05-22T09:12:33 IST" duration-ms="15030" status="PASS">
          <params>
            <param index="0">
              <value>
                <![CDATA[abc231@gmail.com]]>
              </value>
            </param>
          </params>
          <reporter-output>
          </reporter-output>
        </test-method> <!-- verifyCreateAccountPageTest -->
        <test-method is-config="true" signature="tearDown()[pri:0, instance:com.mystroe.testScripts.AccountCreationPageTest@5fb759d6]" started-at="2022-05-22T09:12:33 IST" name="tearDown" finished-at="2022-05-22T09:12:34 IST" duration-ms="524" status="PASS">
          <reporter-output>
          </reporter-output>
        </test-method> <!-- tearDown -->
      </class> <!-- com.mystroe.testScripts.AccountCreationPageTest -->
      <class name="com.mystroe.testScripts.EndToEndTest">
        <test-method is-config="true" signature="setup(java.lang.String)[pri:0, instance:com.mystroe.testScripts.EndToEndTest@4b8d604b]" started-at="2022-05-22T09:12:09 IST" name="setup" finished-at="2022-05-22T09:12:21 IST" duration-ms="11611" status="PASS">
          <params>
            <param index="0">
              <value>
                <![CDATA[ie]]>
              </value>
            </param>
          </params>
          <reporter-output>
          </reporter-output>
        </test-method> <!-- setup -->
        <test-method signature="endToEndTest()[pri:0, instance:com.mystroe.testScripts.EndToEndTest@4b8d604b]" started-at="2022-05-22T09:12:21 IST" name="endToEndTest" finished-at="2022-05-22T09:14:07 IST" duration-ms="106666" status="PASS">
          <reporter-output>
          </reporter-output>
        </test-method> <!-- endToEndTest -->
        <test-method is-config="true" signature="tearDown()[pri:0, instance:com.mystroe.testScripts.EndToEndTest@4b8d604b]" started-at="2022-05-22T09:14:07 IST" name="tearDown" finished-at="2022-05-22T09:14:08 IST" duration-ms="382" status="PASS">
          <reporter-output>
          </reporter-output>
        </test-method> <!-- tearDown -->
      </class> <!-- com.mystroe.testScripts.EndToEndTest -->
    </test> <!-- Regression -->
  </suite> <!-- Suite -->
</testng-results>
