<?xml version="1.0" encoding="UTF-8"?>
<!-- Generated by org.testng.reporters.JUnitXMLReporter -->
<testsuite ignored="2" hostname="LAPTOP-QFO71BU4" failures="0" tests="4" name="IETest" time="49.843" errors="0" timestamp="2022-05-21T20:23:07 IST">
  <testcase classname="com.mystroe.testScripts.SearchResultPageTest" name="productAvailabilityTest" time="5.085"/>
  <testcase classname="com.mystroe.testScripts.IndexPageTest" name="verifyLogo" time="0.061"/>
  <testcase classname="com.mystroe.testScripts.IndexPageTest" name="verifyTitle" time="0.009"/>
  <testcase classname="com.mystroe.testScripts.LoginPageTest" name="loginTest" time="7.306"/>
  <testcase classname="com.mystroe.base.Baseclass" name="@BeforeSuite beforeSuite" time="0.0">
    <ignored/>
  </testcase> <!-- @BeforeSuite beforeSuite -->
  <testcase classname="com.mystroe.base.Baseclass" name="@BeforeSuite beforeSuite" time="0.0">
    <ignored/>
  </testcase> <!-- @BeforeSuite beforeSuite -->
</testsuite> <!-- IETest -->
