<?xml version="1.0" encoding="UTF-8"?>
<!-- Generated by org.testng.reporters.JUnitXMLReporter -->
<testsuite ignored="14" hostname="LAPTOP-QFO71BU4" failures="0" tests="9" name="Test" time="208.77" errors="0" timestamp="2022-05-22T09:04:59 IST">
  <testcase classname="com.mystroe.testScripts.SearchResultPageTest" name="productAvailabilityTest" time="2.984"/>
  <testcase classname="com.mystroe.testScripts.HomePageTest" name="orderHistoryandDetailsTest" time="8.341"/>
  <testcase classname="com.mystroe.testScripts.AddToCartPageTest" name="addToCartTest" time="6.599"/>
  <testcase classname="com.mystroe.testScripts.IndexPageTest" name="verifyLogo" time="0.052"/>
  <testcase classname="com.mystroe.testScripts.IndexPageTest" name="verifyTitle" time="0.008"/>
  <testcase classname="com.mystroe.testScripts.LoginPageTest" name="loginTest" time="14.541"/>
  <testcase classname="com.mystroe.testScripts.OrderPageTest" name="verifyTotalPrice" time="22.627"/>
  <testcase classname="com.mystroe.testScripts.AccountCreationPageTest" name="verifyCreateAccountPageTest" time="8.02"/>
  <testcase classname="com.mystroe.testScripts.EndToEndTest" name="endToEndTest" time="39.512"/>
  <testcase classname="com.mystroe.base.Baseclass" name="@AfterSuite afterSuite" time="0.0">
    <ignored/>
  </testcase> <!-- @AfterSuite afterSuite -->
  <testcase classname="com.mystroe.base.Baseclass" name="@AfterSuite afterSuite" time="0.0">
    <ignored/>
  </testcase> <!-- @AfterSuite afterSuite -->
  <testcase classname="com.mystroe.base.Baseclass" name="@AfterSuite afterSuite" time="0.0">
    <ignored/>
  </testcase> <!-- @AfterSuite afterSuite -->
  <testcase classname="com.mystroe.base.Baseclass" name="@AfterSuite afterSuite" time="0.0">
    <ignored/>
  </testcase> <!-- @AfterSuite afterSuite -->
  <testcase classname="com.mystroe.base.Baseclass" name="@AfterSuite afterSuite" time="0.0">
    <ignored/>
  </testcase> <!-- @AfterSuite afterSuite -->
  <testcase classname="com.mystroe.base.Baseclass" name="@AfterSuite afterSuite" time="0.0">
    <ignored/>
  </testcase> <!-- @AfterSuite afterSuite -->
  <testcase classname="com.mystroe.base.Baseclass" name="@AfterSuite afterSuite" time="0.0">
    <ignored/>
  </testcase> <!-- @AfterSuite afterSuite -->
  <testcase classname="com.mystroe.base.Baseclass" name="@BeforeSuite beforeSuite" time="0.0">
    <ignored/>
  </testcase> <!-- @BeforeSuite beforeSuite -->
  <testcase classname="com.mystroe.base.Baseclass" name="@BeforeSuite beforeSuite" time="0.0">
    <ignored/>
  </testcase> <!-- @BeforeSuite beforeSuite -->
  <testcase classname="com.mystroe.base.Baseclass" name="@BeforeSuite beforeSuite" time="0.0">
    <ignored/>
  </testcase> <!-- @BeforeSuite beforeSuite -->
  <testcase classname="com.mystroe.base.Baseclass" name="@BeforeSuite beforeSuite" time="0.0">
    <ignored/>
  </testcase> <!-- @BeforeSuite beforeSuite -->
  <testcase classname="com.mystroe.base.Baseclass" name="@BeforeSuite beforeSuite" time="0.0">
    <ignored/>
  </testcase> <!-- @BeforeSuite beforeSuite -->
  <testcase classname="com.mystroe.base.Baseclass" name="@BeforeSuite beforeSuite" time="0.0">
    <ignored/>
  </testcase> <!-- @BeforeSuite beforeSuite -->
  <testcase classname="com.mystroe.base.Baseclass" name="@BeforeSuite beforeSuite" time="0.0">
    <ignored/>
  </testcase> <!-- @BeforeSuite beforeSuite -->
</testsuite> <!-- Test -->
